app/build/outputs/logs/manifest-merger-all-debug-report.txt
-- Merging decision tree log ---
manifest
ADDED from src/main/AndroidManifest.xml:2:1-23:12
	xmlns:android
		ADDED from src/main/AndroidManifest.xml:2:11-69
	package
		ADDED from src/main/AndroidManifest.xml:3:11-44
		INJECTED from src/main/AndroidManifest.xml
		INJECTED from src/main/AndroidManifest.xml
uses-permission#android.permission.READ_EXTERNAL_STORAGE
ADDED from src/main/AndroidManifest.xml:5:5-80
	android:name
		ADDED from src/main/AndroidManifest.xml:5:22-77
uses-permission#android.permission.WRITE_EXTERNAL_STORAGE
ADDED from src/main/AndroidManifest.xml:6:5-81
	android:name
		ADDED from src/main/AndroidManifest.xml:6:22-78
uses-feature#0x00020000
ADDED from src/main/AndroidManifest.xml:8:3-76
	android:required
		ADDED from src/main/AndroidManifest.xml:8:51-74
	android:glEsVersion
		ADDED from src/main/AndroidManifest.xml:8:17-49
application
ADDED from src/main/AndroidManifest.xml:9:3-22:17
	android:label
		ADDED from src/main/AndroidManifest.xml:12:7-45
	android:allowBackup
		ADDED from src/main/AndroidManifest.xml:10:7-34
	android:icon
		ADDED from src/main/AndroidManifest.xml:11:7-41
activity#com.android.androidGL4D.AGL4DActivity
ADDED from src/main/AndroidManifest.xml:13:5-21:16
	android:screenOrientation
		ADDED from src/main/AndroidManifest.xml:14:15-52
	android:configChanges
		ADDED from src/main/AndroidManifest.xml:15:17-78
	android:name
		ADDED from src/main/AndroidManifest.xml:13:15-44
intent-filter#android.intent.action.MAIN+android.intent.category.LAUNCHER+com.google.intent.category.CARDBOARD
ADDED from src/main/AndroidManifest.xml:16:7-20:23
action#android.intent.action.MAIN
ADDED from src/main/AndroidManifest.xml:17:9-61
	android:name
		ADDED from src/main/AndroidManifest.xml:17:17-58
category#android.intent.category.LAUNCHER
ADDED from src/main/AndroidManifest.xml:18:9-69
	android:name
		ADDED from src/main/AndroidManifest.xml:18:19-66
category#com.google.intent.category.CARDBOARD
ADDED from src/main/AndroidManifest.xml:19:11-75
	android:name
		ADDED from src/main/AndroidManifest.xml:19:21-72
uses-sdk
INJECTED from src/main/AndroidManifest.xml reason: use-sdk injection requested
	android:targetSdkVersion
		INJECTED from src/main/AndroidManifest.xml
		INJECTED from src/main/AndroidManifest.xml
	android:minSdkVersion
		INJECTED from src/main/AndroidManifest.xml
		INJECTED from src/main/AndroidManifest.xml